[debug] ----------------------------------------------------------------------
[debug] Command:      C:\Program Files\nodejs\node.exe C:\Users\elco45\AppData\Roaming\npm\node_modules\firebase-tools\bin\firebase serve
[debug] CLI Version:  3.2.0
[debug] Platform:     win32
[debug] Node Version: v6.3.1
[debug] Time:         Fri Dec 02 2016 15:29:19 GMT-0600 (Central America Standard Time)
[debug] ----------------------------------------------------------------------
[debug] 
[info] Starting Firebase development server...
[info] 
[info] Project Directory: C:\Users\elco45\Desktop\huaweiFleetManager
[info] Public Directory: app
[info] 
[info] Server listening at: http://localhost:5000
[debug] ----------------------------------------------------------------------
[debug] Command:      C:\Program Files\nodejs\node.exe C:\Users\elco45\AppData\Roaming\npm\node_modules\firebase-tools\bin\firebase serve
[debug] CLI Version:  3.2.0
[debug] Platform:     win32
[debug] Node Version: v6.3.1
[debug] Time:         Sat Dec 03 2016 12:16:40 GMT-0600 (Central America Standard Time)
[debug] ----------------------------------------------------------------------
[debug] 
[info] Starting Firebase development server...
[info] 
[info] Project Directory: C:\Users\elco45\Desktop\huaweiFleetManager
[info] Public Directory: app
[info] 
[info] Server listening at: http://localhost:5000
[debug] ----------------------------------------------------------------------
[debug] Command:      C:\Program Files\nodejs\node.exe C:\Users\elco45\AppData\Roaming\npm\node_modules\firebase-tools\bin\firebase serve
[debug] CLI Version:  3.2.0
[debug] Platform:     win32
[debug] Node Version: v6.3.1
[debug] Time:         Sat Dec 03 2016 12:24:57 GMT-0600 (Central America Standard Time)
[debug] ----------------------------------------------------------------------
[debug] 
[info] Starting Firebase development server...
[info] 
[info] Project Directory: C:\Users\elco45\Desktop\huaweiFleetManager
[info] Public Directory: app
[info] 
[info] Server listening at: http://localhost:5000
[debug] ----------------------------------------------------------------------
[debug] Command:      C:\Program Files\nodejs\node.exe C:\Users\elco45\AppData\Roaming\npm\node_modules\firebase-tools\bin\firebase serve
[debug] CLI Version:  3.2.0
[debug] Platform:     win32
[debug] Node Version: v6.3.1
[debug] Time:         Sat Dec 03 2016 13:50:44 GMT-0600 (Central America Standard Time)
[debug] ----------------------------------------------------------------------
[debug] 
[info] Starting Firebase development server...
[info] 
[info] Project Directory: C:\Users\elco45\Desktop\huaweiFleetManager
[info] Public Directory: app
[info] 
[info] Server listening at: http://localhost:5000
[debug] ----------------------------------------------------------------------
[debug] Command:      C:\Program Files\nodejs\node.exe C:\Users\elco45\AppData\Roaming\npm\node_modules\firebase-tools\bin\firebase serve
[debug] CLI Version:  3.2.0
[debug] Platform:     win32
[debug] Node Version: v6.3.1
[debug] Time:         Sat Dec 03 2016 14:46:34 GMT-0600 (Central America Standard Time)
[debug] ----------------------------------------------------------------------
[debug] 
[info] Starting Firebase development server...
[info] 
[info] Project Directory: C:\Users\elco45\Desktop\huaweiFleetManager
[info] Public Directory: app
[info] 
[info] Server listening at: http://localhost:5000
